

Microchip Technology PIC18 LITE Macro Assembler V1.37 build -260352376 
                                                                                               Tue May 03 15:11:47 2016

Microchip Technology Omniscient Code Generator v1.37 (Free mode) build 201603110536
     1                           	processor	18F1330
     2                           	fnconf	rparam,??,?,0
     3                           	opt	pw 120
     4                           	opt	lm
     5                           	psect	cinit,global,reloc=2,class=CODE,delta=1
     6                           	psect	cstackCOMRAM,global,class=COMRAM,space=1,delta=1
     7                           	psect	text0,global,reloc=2,class=CODE,delta=1
     8                           	psect	intsave_regs,global,class=BIGRAM,space=1,delta=1
     9                           	psect	rparam,global,class=COMRAM,space=1,delta=1
    10  0000                     _PORTBbits	set	3969
    11  0000                     _TRISAbits	set	3986
    12  0000                     _TRISBbits	set	3987
    13  0000                     _ADCON0bits	set	4034
    14  0000                     _ADCON1bits	set	4033
    15  0000                     _ADCON2bits	set	4032
    16  0000                     _ADRESH	set	4036
    17  0000                     _OSCCON	set	4051
    18                           
    19                           ; #config settings
    20  0000                     
    21                           	psect	cinit
    22  001DC2                     __pcinit:
    23                           	opt stack 0
    24  001DC2                     start_initialization:
    25                           	opt stack 0
    26  001DC2                     __initialization:
    27                           	opt stack 0
    28  001DC2                     end_of_initialization:
    29                           	opt stack 0
    30  001DC2                     __end_of__initialization:
    31                           	opt stack 0
    32  001DC2  0100               	movlb	0
    33  001DC4  EFE4  F00E         	goto	_main	;jump to C main() function
    34                           
    35                           	psect	cstackCOMRAM
    36  000000                     __pcstackCOMRAM:
    37                           	opt stack 0
    38  000000                     
    39                           ; 1 bytes @ 0x0
    40 ;;
    41 ;;Main: autosize = 0, tempsize = 0, incstack = 0, save=0
    42 ;;
    43 ;; *************** function _main *****************
    44 ;; Defined at:
    45 ;;		line 13 in file "lab3.c"
    46 ;; Parameters:    Size  Location     Type
    47 ;;		None
    48 ;; Auto vars:     Size  Location     Type
    49 ;;		None
    50 ;; Return value:  Size  Location     Type
    51 ;;                  1    wreg      void 
    52 ;; Registers used:
    53 ;;		wreg, status,2, status,0
    54 ;; Tracked objects:
    55 ;;		On entry : 0/0
    56 ;;		On exit  : 0/0
    57 ;;		Unchanged: 0/0
    58 ;; Data sizes:     COMRAM   BANK0
    59 ;;      Params:         0       0
    60 ;;      Locals:         0       0
    61 ;;      Temps:          0       0
    62 ;;      Totals:         0       0
    63 ;;Total ram usage:        0 bytes
    64 ;; This function calls:
    65 ;;		Nothing
    66 ;; This function is called by:
    67 ;;		Startup code after reset
    68 ;; This function uses a non-reentrant model
    69 ;;
    70                           
    71                           	psect	text0
    72  001DC8                     __ptext0:
    73                           	opt stack 0
    74  001DC8                     _main:
    75                           	opt stack 31
    76                           
    77                           ;lab3.c: 15: TRISBbits.RB0 = 1;
    78                           
    79                           ;incstack = 0
    80  001DC8  8093               	bsf	3987,0,c	;volatile
    81                           
    82                           ;lab3.c: 16: TRISBbits.RB1 = 1;
    83  001DCA  8293               	bsf	3987,1,c	;volatile
    84                           
    85                           ;lab3.c: 17: TRISBbits.RB4 = 0;
    86  001DCC  9893               	bcf	3987,4,c	;volatile
    87                           
    88                           ;lab3.c: 18: TRISBbits.RB5 = 0;
    89  001DCE  9A93               	bcf	3987,5,c	;volatile
    90                           
    91                           ;lab3.c: 21: OSCCON = 0X6C;
    92  001DD0  0E6C               	movlw	108
    93  001DD2  6ED3               	movwf	4051,c	;volatile
    94                           
    95                           ;lab3.c: 25: ADCON1bits.PCFG1 = 0;
    96  001DD4  92C1               	bcf	4033,1,c	;volatile
    97                           
    98                           ;lab3.c: 26: TRISAbits.RA1 = 1;
    99  001DD6  8292               	bsf	3986,1,c	;volatile
   100                           
   101                           ;lab3.c: 30: ADCON2bits.ADFM = 0;
   102  001DD8  9EC0               	bcf	4032,7,c	;volatile
   103                           
   104                           ;lab3.c: 31: ADCON1bits.VCFG0 = 0;
   105  001DDA  98C1               	bcf	4033,4,c	;volatile
   106                           
   107                           ;lab3.c: 33: ADCON0bits.CHS1 = 0;
   108  001DDC  96C2               	bcf	4034,3,c	;volatile
   109                           
   110                           ;lab3.c: 34: ADCON0bits.CHS0 = 1;
   111  001DDE  84C2               	bsf	4034,2,c	;volatile
   112                           
   113                           ;lab3.c: 36: ADCON2bits.ACQT2 = 0;
   114  001DE0  9AC0               	bcf	4032,5,c	;volatile
   115                           
   116                           ;lab3.c: 37: ADCON2bits.ACQT1 = 0;
   117  001DE2  98C0               	bcf	4032,4,c	;volatile
   118                           
   119                           ;lab3.c: 38: ADCON2bits.ACQT0 = 0;
   120  001DE4  96C0               	bcf	4032,3,c	;volatile
   121                           
   122                           ;lab3.c: 40: ADCON2bits.ADCS2 = 1;
   123  001DE6  84C0               	bsf	4032,2,c	;volatile
   124                           
   125                           ;lab3.c: 41: ADCON2bits.ADCS1 = 0;
   126  001DE8  92C0               	bcf	4032,1,c	;volatile
   127                           
   128                           ;lab3.c: 42: ADCON2bits.ADCS0 = 0;
   129  001DEA  90C0               	bcf	4032,0,c	;volatile
   130                           
   131                           ;lab3.c: 44: ADCON0bits.ADON = 1;
   132  001DEC  80C2               	bsf	4034,0,c	;volatile
   133  001DEE                     l659:
   134                           
   135                           ;lab3.c: 49: {
   136                           ;lab3.c: 51: ADCON0bits.GO = 1;
   137  001DEE  82C2               	bsf	4034,1,c	;volatile
   138  001DF0                     l20:
   139  001DF0  B2C2               	btfsc	4034,1,c	;volatile
   140  001DF2  D7FE               	goto	l20
   141                           
   142                           ;lab3.c: 55: if( PORTBbits.RB0 == 1 && PORTBbits.RB1 == 1 && ADRESH >= 0XD1 )
   143  001DF4  B081               	btfsc	3969,0,c	;volatile
   144  001DF6  A281               	btfss	3969,1,c	;volatile
   145  001DF8  D005               	goto	l23
   146  001DFA  0ED0               	movlw	208
   147  001DFC  64C4               	cpfsgt	4036,c	;volatile
   148  001DFE  D002               	goto	l23
   149                           
   150                           ;lab3.c: 57: {
   151                           ;lab3.c: 58: PORTBbits.RB4 = 1;
   152  001E00  8881               	bsf	3969,4,c	;volatile
   153  001E02  D001               	goto	L1
   154  001E04                     l23:
   155                           
   156                           ;lab3.c: 61: else
   157                           ;lab3.c: 62: {
   158                           ;lab3.c: 63: PORTBbits.RB4 = 0;
   159  001E04  9881               	bcf	3969,4,c	;volatile
   160  001E06                     L1:
   161                           
   162                           ;lab3.c: 64: PORTBbits.RB5 = 0;
   163  001E06  9A81               	bcf	3969,5,c	;volatile
   164                           
   165                           ;lab3.c: 65: }
   166                           ;lab3.c: 67: if( PORTBbits.RB0 == 0 && PORTBbits.RB1 == 0 && ADRESH >= 0XF && ADRESH <= 
      +                          0X1F)
   167  001E08  A081               	btfss	3969,0,c	;volatile
   168  001E0A  B281               	btfsc	3969,1,c	;volatile
   169  001E0C  D009               	goto	l25
   170  001E0E  0E0E               	movlw	14
   171  001E10  64C4               	cpfsgt	4036,c	;volatile
   172  001E12  D006               	goto	l25
   173  001E14  0E20               	movlw	32
   174  001E16  60C4               	cpfslt	4036,c	;volatile
   175  001E18  D003               	goto	l25
   176                           
   177                           ;lab3.c: 68: {
   178                           ;lab3.c: 69: PORTBbits.RB4 = 1;
   179  001E1A  8881               	bsf	3969,4,c	;volatile
   180                           
   181                           ;lab3.c: 70: PORTBbits.RB5 = 1;
   182  001E1C  8A81               	bsf	3969,5,c	;volatile
   183                           
   184                           ;lab3.c: 71: }
   185  001E1E  D002               	goto	l26
   186  001E20                     l25:
   187                           
   188                           ;lab3.c: 72: else
   189                           ;lab3.c: 73: {
   190                           ;lab3.c: 74: PORTBbits.RB4 = 0;
   191  001E20  9881               	bcf	3969,4,c	;volatile
   192                           
   193                           ;lab3.c: 75: PORTBbits.RB5 = 0;
   194  001E22  9A81               	bcf	3969,5,c	;volatile
   195  001E24                     l26:
   196                           
   197                           ;lab3.c: 76: }
   198                           ;lab3.c: 78: if( PORTBbits.RB0 == 1 && PORTBbits.RB1 == 0 && ADRESH >= 0XD7 && ADRESH <=
      +                           0XEC)
   199  001E24  B081               	btfsc	3969,0,c	;volatile
   200  001E26  B281               	btfsc	3969,1,c	;volatile
   201  001E28  D008               	goto	l27
   202  001E2A  0ED6               	movlw	214
   203  001E2C  64C4               	cpfsgt	4036,c	;volatile
   204  001E2E  D005               	goto	l27
   205  001E30  0EED               	movlw	237
   206  001E32  60C4               	cpfslt	4036,c	;volatile
   207  001E34  D002               	goto	l27
   208                           
   209                           ;lab3.c: 80: {
   210                           ;lab3.c: 81: PORTBbits.RB4 = 1;
   211  001E36  8881               	bsf	3969,4,c	;volatile
   212  001E38  D001               	goto	L2
   213  001E3A                     l27:
   214                           
   215                           ;lab3.c: 84: else
   216                           ;lab3.c: 85: {
   217                           ;lab3.c: 86: PORTBbits.RB4 = 0;
   218  001E3A  9881               	bcf	3969,4,c	;volatile
   219  001E3C                     L2:
   220                           
   221                           ;lab3.c: 87: PORTBbits.RB5 = 0;
   222  001E3C  9A81               	bcf	3969,5,c	;volatile
   223  001E3E  D7D7               	goto	l659
   224  001E40                     __end_of_main:
   225                           	opt stack 0
   226  0000                     
   227                           	psect	rparam


Data Sizes:
    Strings     0
    Constant    0
    Data        0
    BSS         0
    Persistent  0
    Stack       0

Auto Spaces:
    Space          Size  Autos    Used
    COMRAM          127      0       0
    BANK0           116      0       0

Pointer List with Targets:

    None.

Critical Paths under _main in COMRAM

    None.

Critical Paths under _main in BANK0

    None.

Call Graph Tables:

 ---------------------------------------------------------------------------------
 (Depth) Function   	        Calls       Base Space   Used Autos Params    Refs
 ---------------------------------------------------------------------------------
 (0) _main                                                 0     0      0       0
 ---------------------------------------------------------------------------------
 Estimated maximum stack depth 0
 ---------------------------------------------------------------------------------

 Call Graph Graphs:

 _main (ROOT)

 Address spaces:
Name               Size   Autos  Total    Cost      Usage
BITCOMRAM           7F      0       0       0        0.0%
EEDATA              80      0       0       0        0.0%
NULL                 0      0       0       0        0.0%
CODE                 0      0       0       0        0.0%
COMRAM              7F      0       0       1        0.0%
STACK                0      0       0       2        0.0%
BITBANK0            74      0       0       3        0.0%
BANK0               74      0       0       4        0.0%
ABS                  0      0       0       5        0.0%
BIGRAM              F3      0       0       6        0.0%
DATA                 0      0       0       7        0.0%
BITSFR_5             0      0       0      40        0.0%
SFR_5                0      0       0      40        0.0%
BITSFR_4             0      0       0      40        0.0%
SFR_4                0      0       0      40        0.0%
BITSFR_3             0      0       0      40        0.0%
SFR_3                0      0       0      40        0.0%
BITSFR_2             0      0       0      40        0.0%
SFR_2                0      0       0      40        0.0%
BITSFR_1             0      0       0      40        0.0%
SFR_1                0      0       0      40        0.0%
BITSFR               0      0       0      40        0.0%
SFR                  0      0       0      40        0.0%


Microchip Technology PIC18 Macro Assembler V1.37 build -260352376 
Symbol Table                                                                                   Tue May 03 15:11:47 2016

                     l20 1DF0                       l23 1E04                       l25 1E20  
                     l26 1E24                       l27 1E3A              __CFG_BORV$3 000000  
           __CFG_CP0$OFF 000000             __CFG_CP1$OFF 000000                      l659 1DEE  
           __CFG_CPB$OFF 000000             __CFG_CPD$OFF 000000             __CFG_BOR$OFF 000000  
           __CFG_WDT$OFF 000000                     _main 1DC8                     start 0002  
          __CFG_IESO$OFF 000000             ___param_bank 000010                    ?_main 0000  
          __CFG_PWRT$OFF 000000            __CFG_WRT0$OFF 000000            __CFG_WRT1$OFF 000000  
         __CFG_EBTR0$OFF 000000           __CFG_FCMEN$OFF 000000           __CFG_EBTR1$OFF 000000  
          __CFG_WRTB$OFF 000000            __CFG_WRTC$OFF 000000            __CFG_WRTD$OFF 000000  
         __CFG_EBTRB$OFF 000000           __CFG_MCLRE$OFF 000000          __initialization 1DC2  
         __CFG_HPOL$HIGH 000000             __end_of_main 1E40           __CFG_LPOL$HIGH 000000  
                 ??_main 0000            __activetblptr 000000                   _ADRESH 000FC4  
                 _OSCCON 000FD3           __CFG_XINST$OFF 000000               __accesstop 0080  
__end_of__initialization 1DC2          __CFG_FLTAMX$RA5 000000            ___rparam_used 000001  
         __pcstackCOMRAM 0000          __CFG_OSC$INTIO1 000000         __CFG_BBSIZ$BB256 000000  
        __CFG_PWMPIN$OFF 000000                  __Hparam 0000                  __Lparam 0000  
        __CFG_STVREN$OFF 000000                  __pcinit 1DC2                  __ramtop 0100  
                __ptext0 1DC8     end_of_initialization 1DC2                _PORTBbits 000F81  
              _TRISAbits 000F92                _TRISBbits 000F93         __CFG_T1OSCMX$LOW 000000  
    start_initialization 1DC2         __CFG_WDTPS$32768 000000               _ADCON0bits 000FC2  
             _ADCON1bits 000FC1               _ADCON2bits 000FC0                 __Hrparam 0000  
               __Lrparam 0000            __size_of_main 0078  
